2026-03-21 16:52:04,573 - SpacePath.src.orchestrator - INFO - 
Running sample: Brain-center-rat
2026-03-21 16:52:04,574 - smpath.data - INFO - Loading annotations for dataset: 'Brain-center-rat'
2026-03-21 16:52:05,190 - smpath.data - INFO -  success, annotations loaded (attr `.no_translated`)
2026-03-21 16:52:06,013 - smpath.method - INFO - Intensities already normalised, check .uns['norm'] and .layers['raw_X']
2026-03-21 16:52:06,014 - smpath.method - INFO - Running protocol to classify the ions (m/z) by the quality of molecular formulae annotations, and the spatial distributions
2026-03-21 16:52:06,014 - smpath.method - INFO - >> Part a: classifying the ions with thresholds: MSM >= 0.2, offSample <= 0.2, FDR <= 0.5
2026-03-21 16:52:06,014 - smpath.data - INFO - gets quality of the annotations (per ion and formula)
2026-03-21 16:52:06,063 - smpath.method - INFO -   a total of 271 ions pass MSM, offSample and FDR cutoffs.
2026-03-21 16:52:07,015 - smpath.method - INFO -   saved plot (MSM, offSample, FDR) to ../figures/Brain-center-rat
2026-03-21 16:52:07,016 - smpath.method - INFO - >> Part b: classifying ions based on Moran's I: thresholds: I >= 0.1,  (BH) adjusted p-value <= 0.05
2026-03-21 16:52:07,016 - smpath.method - INFO -   metrics are only computed for the ions that passed the 'Part a'.
2026-03-21 16:52:07,084 - smpath.processing.measures_methods - INFO - computing spatial neighbors, with n_neighs: 20
2026-03-21 16:52:07,126 - smpath.processing.measures_methods - INFO - Computing Moran's I autocorrelation on data with shape (obs,vars) (7034, 271)
2026-03-21 16:52:08,896 - smpath.method - INFO -   saved plot (autocorrelation) to ../figures/Brain-center-rat
2026-03-21 16:52:08,903 - smpath.method - INFO - A total of 249 ions exhibit good final quality (check column 'final_quality' of adata_mz.var)
2026-03-21 16:52:09,692 - smpath.data - INFO - Loading reference tables of KEGG identifiers
2026-03-21 16:52:09,692 - smpath.data - INFO -  loading HMDB
2026-03-21 16:52:09,722 - smpath.data - INFO -  loading LipidMaps
2026-03-21 16:52:09,745 - smpath.data - INFO -  loading CoreMetabolome
2026-03-21 16:52:09,779 - smpath.data - INFO - Translating ids in the metabolome annotation table, to KEGG (into .df attribute)
2026-03-21 16:52:09,802 - smpath.data - WARNING - Identified cases where one compound ID maps to multiple m/z: Please run '<metabo_annotations>.keep_best_mz_id_pairs(anndata_mz)'.
2026-03-21 16:52:09,803 - smpath.data - INFO - Resolving 'multiple m/z' that map to 'one compound id':
  keeps the two top better (m/z, id) pairs by quality criteria.
2026-03-21 16:52:09,803 - smpath.data - INFO -     Moran's 'I' in var_df will be also used.
2026-03-21 16:52:10,014 - smpath.data - INFO - collapsing metabolites' identifiers aliases
2026-03-21 16:52:10,014 - smpath.data - INFO - all is KEGG ids, no alias
2026-03-21 16:52:10,029 - smpath.data - WARNING - Identified cases where one compound ID maps to multiple m/z: Please run '<metabo_annotations>.keep_best_mz_id_pairs(anndata_mz)'.
2026-03-21 16:52:10,029 - smpath.data - INFO - Resolving 'multiple m/z' that map to 'one compound id':
  keeps the two top better (m/z, id) pairs by quality criteria.
2026-03-21 16:52:10,029 - smpath.data - INFO -     Moran's 'I' in var_df will be also used.
2026-03-21 16:52:13,506 - smpath.data - INFO - collapsing metabolites' identifiers aliases
2026-03-21 16:52:13,948 - SpacePath.api - INFO - saved annotations tables after processing
2026-03-21 16:52:13,954 - SpacePath.api - INFO - computing clustering of spots with method: kmeans ; user parameter: 5
2026-03-21 16:52:16,844 - SpacePath.api - INFO - computing differential ions between clusters
2026-03-21 16:52:17,119 - SpacePath.api - INFO - computing the differential abundances of all the m/z features, cluster to cluster, for all clusters
2026-03-21 16:52:17,879 - smpath.data - INFO - success, attributes : piled, sets_ids_df
2026-03-21 16:52:17,912 - smpath.method - INFO - Pathways and Annotations objects synchronized, with min set size = 2
2026-03-21 16:52:18,056 - smpath.method - INFO - 
 Will compute spot-wise Pathways Scores with the following config: class_type: method
description: parameters to compute the pathways scores
method: sspa_kpca
min_entity: 2
n_groups_of_spots: 30
threshold_n_spots_is_high: 15000
type_abbr: KEGG

2026-03-21 16:52:18,056 - smpath.method - INFO -  using sspa library, credits: Wieder C et al., 2022
2026-03-21 16:52:31,117 - smpath.method - INFO - successfully computed scores for the specified sets (abbr type): KEGG
2026-03-21 16:52:31,121 - SpacePath.api - INFO - success! scores for sample Brain-center-rat (set type KEGG) computed in seconds: 13.071207523345947
2026-03-21 16:52:31,162 - SpacePath.api - INFO - scores saved to file ../data/Brain-center-rat/Brain-center-rat-scores-KEGG.h5ad
2026-03-21 16:52:31,961 - smpath.data - INFO - success, attributes : piled, sets_ids_df
2026-03-21 16:52:32,012 - smpath.method - INFO - Pathways and Annotations objects synchronized, with min set size = 2
2026-03-21 16:52:32,169 - smpath.method - INFO - 
 Will compute spot-wise Pathways Scores with the following config: class_type: method
description: parameters to compute the pathways scores
method: sspa_kpca
min_entity: 2
n_groups_of_spots: 30
threshold_n_spots_is_high: 15000
type_abbr: WIKI

2026-03-21 16:52:32,169 - smpath.method - INFO -  using sspa library, credits: Wieder C et al., 2022
2026-03-21 16:52:46,973 - smpath.method - INFO - successfully computed scores for the specified sets (abbr type): WIKI
2026-03-21 16:52:46,979 - SpacePath.api - INFO - success! scores for sample Brain-center-rat (set type WIKI) computed in seconds: 14.811872959136963
2026-03-21 16:52:47,019 - SpacePath.api - INFO - scores saved to file ../data/Brain-center-rat/Brain-center-rat-scores-WIKI.h5ad
2026-03-21 16:52:47,042 - smpath.method - INFO - computing similarity matrix with config class_type: method
description: compute similarity matrix of compounds
method: TanimotoSimilarity
smiles_files:
  HMDB: HMDB-SMILES_05-07-24.tsv
  LipidMaps: LipidMaps-SMILES_06-08-25.tsv
threshold_similarity: null

2026-03-21 16:52:48,488 - smpath.method - INFO - computing similarities for all pairs of SMILES
2026-03-21 16:52:50,093 - smpath.method - INFO - computing families of molecules, with config class_type: method
cutoff_tree: 0.5
description: compute and save families file, from a distance-transformed similarity
  matrix
method: HierarchicalClustering
method_linkage: ward
metric_linkage: cosine

2026-03-21 16:52:50,114 - smpath.method - INFO - the clusters are: [1, 2, 3, 4, 5, 6, 7, 8, 9, 10, 11, 12, 13, 14, 15, 16, 17, 18, 19, 20, 21, 22, 23, 24, 25, 26, 27, 28, 29, 30]
2026-03-21 16:52:50,114 - smpath.method - INFO - number of used compound identifiers: 1283
2026-03-21 16:52:50,114 - smpath.method - INFO - representing distinct mzs: 74
2026-03-21 16:52:50,134 - smpath.method - INFO - saved .mmt file to ../data Brain-center-rat
2026-03-21 16:52:53,134 - smpath.method - INFO - saved figure to ../figures/Brain-center-rat
2026-03-21 16:52:53,163 - smpath.data - INFO - success, attributes : piled, sets_ids_df
2026-03-21 16:52:53,415 - smpath.method - INFO - Pathways and Annotations objects synchronized, with min set size = 4
2026-03-21 16:52:58,625 - smpath.method - INFO - 
 Will compute spot-wise Pathways Scores with the following config: class_type: method
description: parameters to compute the pathways scores
method: sspa_kpca
min_entity: 4
n_groups_of_spots: 30
threshold_n_spots_is_high: 15000
type_abbr: FAMILIES

2026-03-21 16:52:58,626 - smpath.method - INFO -  using sspa library, credits: Wieder C et al., 2022
2026-03-21 16:53:12,604 - smpath.method - INFO - successfully computed scores for the specified sets (abbr type): FAMILIES
2026-03-21 16:53:12,919 - smpath.processing.measures_methods - INFO - computing spatial neighbors, with n_neighs: 20
2026-03-21 16:53:12,961 - smpath.processing.measures_methods - INFO - Computing Moran's I autocorrelation on data with shape (obs,vars) (7034, 40)
2026-03-21 16:53:13,189 - SpacePath.api - INFO - SAMPLE: Brain-center-rat
2026-03-21 16:53:13,189 - SpacePath.api - INFO -    differential KEGG pathways: 11
2026-03-21 16:53:13,189 - SpacePath.api - INFO -    differential WIKIPATHWAYS: 8
2026-03-21 16:53:13,189 - SpacePath.api - INFO -    differential Families: 13
2026-03-21 16:53:13,190 - SpacePath.src.orchestrator - INFO - processed sample Brain-center-rat 


2026-03-21 16:53:13,483 - SpacePath.src.orchestrator - INFO - 
Running sample: Stomach-rat
2026-03-21 16:53:13,484 - smpath.data - INFO - Loading annotations for dataset: 'Stomach-rat'
2026-03-21 16:53:14,467 - smpath.data - INFO -  success, annotations loaded (attr `.no_translated`)
2026-03-21 16:53:15,412 - smpath.method - INFO - Intensities already normalised, check .uns['norm'] and .layers['raw_X']
2026-03-21 16:53:15,412 - smpath.method - INFO - Running protocol to classify the ions (m/z) by the quality of molecular formulae annotations, and the spatial distributions
2026-03-21 16:53:15,412 - smpath.method - INFO - >> Part a: classifying the ions with thresholds: MSM >= 0.25, offSample <= 0.2, FDR <= 0.5
2026-03-21 16:53:15,413 - smpath.data - INFO - gets quality of the annotations (per ion and formula)
2026-03-21 16:53:15,423 - smpath.method - INFO -   a total of 946 ions pass MSM, offSample and FDR cutoffs.
2026-03-21 16:53:16,166 - smpath.method - INFO -   saved plot (MSM, offSample, FDR) to ../figures/Stomach-rat
2026-03-21 16:53:16,167 - smpath.method - INFO - >> Part b: classifying ions based on Moran's I: thresholds: I >= 0.1,  (BH) adjusted p-value <= 0.05
2026-03-21 16:53:16,167 - smpath.method - INFO -   metrics are only computed for the ions that passed the 'Part a'.
2026-03-21 16:53:16,324 - smpath.processing.measures_methods - INFO - computing spatial neighbors, with n_neighs: 20
2026-03-21 16:53:16,393 - smpath.processing.measures_methods - INFO - Computing Moran's I autocorrelation on data with shape (obs,vars) (11240, 946)
2026-03-21 16:53:19,451 - smpath.method - INFO -   saved plot (autocorrelation) to ../figures/Stomach-rat
2026-03-21 16:53:19,459 - smpath.method - INFO - A total of 878 ions exhibit good final quality (check column 'final_quality' of adata_mz.var)
2026-03-21 16:53:20,407 - smpath.data - INFO - Loading reference tables of KEGG identifiers
2026-03-21 16:53:20,407 - smpath.data - INFO -  loading HMDB
2026-03-21 16:53:20,419 - smpath.data - INFO -  loading LipidMaps
2026-03-21 16:53:20,425 - smpath.data - INFO -  loading CoreMetabolome
2026-03-21 16:53:20,440 - smpath.data - INFO - Translating ids in the metabolome annotation table, to KEGG (into .df attribute)
2026-03-21 16:53:20,472 - smpath.data - WARNING - Identified cases where one compound ID maps to multiple m/z: Please run '<metabo_annotations>.keep_best_mz_id_pairs(anndata_mz)'.
2026-03-21 16:53:20,472 - smpath.data - INFO - Resolving 'multiple m/z' that map to 'one compound id':
  keeps the two top better (m/z, id) pairs by quality criteria.
2026-03-21 16:53:20,472 - smpath.data - INFO -     Moran's 'I' in var_df will be also used.
2026-03-21 16:53:20,956 - smpath.data - INFO - collapsing metabolites' identifiers aliases
2026-03-21 16:53:20,956 - smpath.data - INFO - all is KEGG ids, no alias
2026-03-21 16:53:20,976 - smpath.data - WARNING - Identified cases where one compound ID maps to multiple m/z: Please run '<metabo_annotations>.keep_best_mz_id_pairs(anndata_mz)'.
2026-03-21 16:53:20,976 - smpath.data - INFO - Resolving 'multiple m/z' that map to 'one compound id':
  keeps the two top better (m/z, id) pairs by quality criteria.
2026-03-21 16:53:20,976 - smpath.data - INFO -     Moran's 'I' in var_df will be also used.
2026-03-21 16:53:46,232 - smpath.data - INFO - collapsing metabolites' identifiers aliases
2026-03-21 16:53:47,577 - SpacePath.api - INFO - saved annotations tables after processing
2026-03-21 16:53:47,581 - SpacePath.api - INFO - computing clustering of spots with method: kmeans ; user parameter: 5
2026-03-21 16:53:50,905 - SpacePath.api - INFO - computing differential ions between clusters
2026-03-21 16:53:51,305 - SpacePath.api - INFO - computing the differential abundances of all the m/z features, cluster to cluster, for all clusters
2026-03-21 16:53:51,913 - smpath.data - INFO - success, attributes : piled, sets_ids_df
2026-03-21 16:53:51,947 - smpath.method - INFO - Pathways and Annotations objects synchronized, with min set size = 2
2026-03-21 16:53:52,215 - smpath.method - INFO - 
 Will compute spot-wise Pathways Scores with the following config: class_type: method
description: parameters to compute the pathways scores
method: sspa_kpca
min_entity: 2
n_groups_of_spots: 30
threshold_n_spots_is_high: 15000
type_abbr: KEGG

2026-03-21 16:53:52,215 - smpath.method - INFO -  using sspa library, credits: Wieder C et al., 2022
2026-03-21 16:54:50,736 - smpath.method - INFO - successfully computed scores for the specified sets (abbr type): KEGG
2026-03-21 16:54:50,748 - SpacePath.api - INFO - success! scores for sample Stomach-rat (set type KEGG) computed in seconds: 58.53392171859741
2026-03-21 16:54:50,806 - SpacePath.api - INFO - scores saved to file ../data/Stomach-rat/Stomach-rat-scores-KEGG.h5ad
2026-03-21 16:54:51,482 - smpath.data - INFO - success, attributes : piled, sets_ids_df
2026-03-21 16:54:51,533 - smpath.method - INFO - Pathways and Annotations objects synchronized, with min set size = 2
2026-03-21 16:54:51,872 - smpath.method - INFO - 
 Will compute spot-wise Pathways Scores with the following config: class_type: method
description: parameters to compute the pathways scores
method: sspa_kpca
min_entity: 2
n_groups_of_spots: 30
threshold_n_spots_is_high: 15000
type_abbr: WIKI

2026-03-21 16:54:51,872 - smpath.method - INFO -  using sspa library, credits: Wieder C et al., 2022
2026-03-21 16:56:08,635 - smpath.method - INFO - successfully computed scores for the specified sets (abbr type): WIKI
2026-03-21 16:56:08,648 - SpacePath.api - INFO - success! scores for sample Stomach-rat (set type WIKI) computed in seconds: 76.77414798736572
2026-03-21 16:56:08,703 - SpacePath.api - INFO - scores saved to file ../data/Stomach-rat/Stomach-rat-scores-WIKI.h5ad
2026-03-21 16:56:08,737 - smpath.method - INFO - computing similarity matrix with config class_type: method
description: compute similarity matrix of compounds
method: TanimotoSimilarity
smiles_files:
  HMDB: HMDB-SMILES_05-07-24.tsv
  LipidMaps: LipidMaps-SMILES_06-08-25.tsv
threshold_similarity: null

2026-03-21 16:56:11,342 - smpath.method - INFO - computing similarities for all pairs of SMILES
2026-03-21 16:56:18,718 - smpath.method - INFO - computing families of molecules, with config class_type: method
cutoff_tree: 0.9
description: compute and save families file, from a distance-transformed similarity
  matrix
method: HierarchicalClustering
method_linkage: ward
metric_linkage: cosine

2026-03-21 16:56:18,820 - smpath.method - INFO - the clusters are: [1, 2, 3, 4, 5, 6, 7, 8, 9, 10, 11, 12, 13, 14, 15, 16, 17, 18, 19, 20, 21, 22, 23, 24, 25, 26, 27, 28, 29, 30, 31, 32, 33, 34, 35]
2026-03-21 16:56:18,820 - smpath.method - INFO - number of used compound identifiers: 2740
2026-03-21 16:56:18,820 - smpath.method - INFO - representing distinct mzs: 103
2026-03-21 16:56:18,848 - smpath.method - INFO - saved .mmt file to ../data Stomach-rat
2026-03-21 16:56:28,382 - smpath.method - INFO - saved figure to ../figures/Stomach-rat
2026-03-21 16:56:28,428 - smpath.data - INFO - success, attributes : piled, sets_ids_df
2026-03-21 16:56:28,757 - smpath.method - INFO - Pathways and Annotations objects synchronized, with min set size = 4
2026-03-21 16:56:40,094 - smpath.method - INFO - 
 Will compute spot-wise Pathways Scores with the following config: class_type: method
description: parameters to compute the pathways scores
method: sspa_kpca
min_entity: 4
n_groups_of_spots: 30
threshold_n_spots_is_high: 15000
type_abbr: FAMILIES

2026-03-21 16:56:40,095 - smpath.method - INFO -  using sspa library, credits: Wieder C et al., 2022
2026-03-21 16:57:22,606 - smpath.method - INFO - successfully computed scores for the specified sets (abbr type): FAMILIES
2026-03-21 16:57:22,935 - smpath.processing.measures_methods - INFO - computing spatial neighbors, with n_neighs: 20
2026-03-21 16:57:22,982 - smpath.processing.measures_methods - INFO - Computing Moran's I autocorrelation on data with shape (obs,vars) (11240, 77)
2026-03-21 16:57:23,287 - SpacePath.api - INFO - SAMPLE: Stomach-rat
2026-03-21 16:57:23,288 - SpacePath.api - INFO -    differential KEGG pathways: 19
2026-03-21 16:57:23,288 - SpacePath.api - INFO -    differential WIKIPATHWAYS: 29
2026-03-21 16:57:23,288 - SpacePath.api - INFO -    differential Families: 14
2026-03-21 16:57:23,289 - SpacePath.src.orchestrator - INFO - processed sample Stomach-rat 


2026-03-21 16:57:23,662 - SpacePath.src.orchestrator - INFO - 
Running sample: Gut-mouse
2026-03-21 16:57:23,663 - smpath.data - INFO - Loading annotations for dataset: 'Gut-mouse'
