2026-03-21 18:30:24,173 - SpacePath.src.orchestrator - INFO - 
Running sample: GB-x-lipids-1
2026-03-21 18:30:24,173 - smpath.data - INFO - Loading annotations for dataset: 'GB-x-lipids-1'
2026-03-21 18:30:24,738 - smpath.data - INFO -  success, annotations loaded (attr `.no_translated`)
2026-03-21 18:30:27,512 - smpath.method - INFO - Intensities already normalised, check .uns['norm'] and .layers['raw_X']
2026-03-21 18:30:27,513 - smpath.method - INFO - Running protocol to classify the ions (m/z) by the quality of molecular formulae annotations, and the spatial distributions
2026-03-21 18:30:27,513 - smpath.method - INFO - >> Part a: classifying the ions with thresholds: MSM >= 0.1, offSample <= 0.35, FDR <= 0.5
2026-03-21 18:30:27,513 - smpath.data - INFO - gets quality of the annotations (per ion and formula)
2026-03-21 18:30:27,520 - smpath.method - INFO -   a total of 865 ions pass MSM, offSample and FDR cutoffs.
2026-03-21 18:30:28,376 - smpath.method - INFO -   saved plot (MSM, offSample, FDR) to ../figures/GB-x-lipids-1
2026-03-21 18:30:28,376 - smpath.method - INFO - >> Part b: classifying ions based on Moran's I: thresholds: I >= 0.1,  (BH) adjusted p-value <= 0.05
2026-03-21 18:30:28,376 - smpath.method - INFO -   metrics are only computed for the ions that passed the 'Part a'.
2026-03-21 18:30:29,393 - smpath.processing.measures_methods - INFO - computing spatial neighbors, with n_neighs: 20
2026-03-21 18:30:29,676 - smpath.processing.measures_methods - INFO - Computing Moran's I autocorrelation on data with shape (obs,vars) (63310, 865)
2026-03-21 18:30:54,255 - smpath.method - INFO -   saved plot (autocorrelation) to ../figures/GB-x-lipids-1
2026-03-21 18:30:54,263 - smpath.method - INFO - A total of 669 ions exhibit good final quality (check column 'final_quality' of adata_mz.var)
2026-03-21 18:30:59,431 - smpath.data - INFO - Loading reference tables of KEGG identifiers
2026-03-21 18:30:59,432 - smpath.data - INFO -  loading HMDB
2026-03-21 18:30:59,447 - smpath.data - INFO -  loading LipidMaps
2026-03-21 18:30:59,453 - smpath.data - INFO -  loading CoreMetabolome
2026-03-21 18:30:59,468 - smpath.data - INFO - Translating ids in the metabolome annotation table, to KEGG (into .df attribute)
2026-03-21 18:30:59,504 - smpath.data - WARNING - Identified cases where one compound ID maps to multiple m/z: Please run '<metabo_annotations>.keep_best_mz_id_pairs(anndata_mz)'.
2026-03-21 18:30:59,504 - smpath.data - INFO - Resolving 'multiple m/z' that map to 'one compound id':
  keeps the two top better (m/z, id) pairs by quality criteria.
2026-03-21 18:30:59,504 - smpath.data - INFO -     Moran's 'I' in var_df will be also used.
2026-03-21 18:30:59,828 - smpath.data - INFO - collapsing metabolites' identifiers aliases
2026-03-21 18:30:59,829 - smpath.data - INFO - all is KEGG ids, no alias
2026-03-21 18:30:59,850 - smpath.data - WARNING - Identified cases where one compound ID maps to multiple m/z: Please run '<metabo_annotations>.keep_best_mz_id_pairs(anndata_mz)'.
2026-03-21 18:30:59,850 - smpath.data - INFO - Resolving 'multiple m/z' that map to 'one compound id':
  keeps the two top better (m/z, id) pairs by quality criteria.
2026-03-21 18:30:59,850 - smpath.data - INFO -     Moran's 'I' in var_df will be also used.
2026-03-21 18:31:26,164 - smpath.data - INFO - collapsing metabolites' identifiers aliases
2026-03-21 18:31:27,150 - SpacePath.api - INFO - saved annotations tables after processing
2026-03-21 18:31:27,155 - SpacePath.api - INFO - computing clustering of spots with method: leiden_sg ; user parameter: 0.35
2026-03-21 18:32:18,482 - SpacePath.api - INFO - computing differential ions between clusters
2026-03-21 18:32:20,967 - SpacePath.api - INFO - computing the differential abundances of all the m/z features, cluster to cluster, for all clusters
2026-03-21 18:32:24,552 - smpath.data - INFO - success, attributes : piled, sets_ids_df
2026-03-21 18:32:24,591 - smpath.method - INFO - Pathways and Annotations objects synchronized, with min set size = 2
2026-03-21 18:32:25,110 - smpath.method - INFO - 
 Will compute spot-wise Pathways Scores with the following config: class_type: method
description: parameters to compute the pathways scores
method: sspa_kpca
min_entity: 2
n_groups_of_spots: 30
threshold_n_spots_is_high: 15000
type_abbr: KEGG

2026-03-21 18:32:25,110 - smpath.method - INFO -  using sspa library, credits: Wieder C et al., 2022
2026-03-21 18:33:19,837 - smpath.method - INFO - successfully computed scores for the specified sets (abbr type): KEGG
2026-03-21 18:33:19,875 - SpacePath.api - INFO - success! scores for sample GB-x-lipids-1 (set type KEGG) computed in seconds: 54.7426483631134
2026-03-21 18:33:20,045 - SpacePath.api - INFO - scores saved to file ../data/GB-x-lipids-1/GB-x-lipids-1-scores-KEGG.h5ad
2026-03-21 18:33:23,125 - smpath.data - INFO - success, attributes : piled, sets_ids_df
2026-03-21 18:33:23,169 - smpath.method - INFO - Pathways and Annotations objects synchronized, with min set size = 2
2026-03-21 18:33:24,243 - smpath.method - INFO - 
 Will compute spot-wise Pathways Scores with the following config: class_type: method
description: parameters to compute the pathways scores
method: sspa_kpca
min_entity: 2
n_groups_of_spots: 30
threshold_n_spots_is_high: 15000
type_abbr: WIKI

2026-03-21 18:33:24,243 - smpath.method - INFO -  using sspa library, credits: Wieder C et al., 2022
2026-03-21 18:34:24,561 - smpath.method - INFO - successfully computed scores for the specified sets (abbr type): WIKI
2026-03-21 18:34:24,596 - SpacePath.api - INFO - success! scores for sample GB-x-lipids-1 (set type WIKI) computed in seconds: 60.32396101951599
2026-03-21 18:34:24,760 - SpacePath.api - INFO - scores saved to file ../data/GB-x-lipids-1/GB-x-lipids-1-scores-WIKI.h5ad
2026-03-21 18:34:24,803 - smpath.method - INFO - computing similarity matrix with config class_type: method
description: compute similarity matrix of compounds
method: TanimotoSimilarity
smiles_files:
  HMDB: HMDB-SMILES_05-07-24.tsv
  LipidMaps: LipidMaps-SMILES_06-08-25.tsv
threshold_similarity: null

2026-03-21 18:34:26,932 - smpath.method - INFO - computing similarities for all pairs of SMILES
2026-03-21 18:34:29,827 - smpath.method - INFO - computing families of molecules, with config class_type: method
cutoff_tree: 0.4
description: compute and save families file, from a distance-transformed similarity
  matrix
method: HierarchicalClustering
method_linkage: ward
metric_linkage: cosine

2026-03-21 18:34:29,862 - smpath.method - INFO - the clusters are: [1, 2, 3, 4, 5, 6, 7, 8, 9, 10, 11, 12, 13, 14, 15, 16, 17, 18, 19, 20, 21, 22, 23, 24, 25, 26, 27, 28, 29, 30, 31, 32, 33, 34, 35, 36, 37, 38, 39, 40, 41]
2026-03-21 18:34:29,862 - smpath.method - INFO - number of used compound identifiers: 1704
2026-03-21 18:34:29,862 - smpath.method - INFO - representing distinct mzs: 115
2026-03-21 18:34:29,890 - smpath.method - INFO - saved .mmt file to ../data GB-x-lipids-1
2026-03-21 18:34:34,340 - smpath.method - INFO - saved figure to ../figures/GB-x-lipids-1
2026-03-21 18:34:34,376 - smpath.data - INFO - success, attributes : piled, sets_ids_df
2026-03-21 18:34:36,283 - smpath.method - INFO - Pathways and Annotations objects synchronized, with min set size = 3
2026-03-21 18:35:15,437 - smpath.method - INFO - 
 Will compute spot-wise Pathways Scores with the following config: class_type: method
description: parameters to compute the pathways scores
method: sspa_kpca
min_entity: 3
n_groups_of_spots: 30
threshold_n_spots_is_high: 15000
type_abbr: FAMILIES

2026-03-21 18:35:15,437 - smpath.method - INFO -  using sspa library, credits: Wieder C et al., 2022
2026-03-21 18:38:21,462 - smpath.method - INFO - successfully computed scores for the specified sets (abbr type): FAMILIES
2026-03-21 18:38:22,529 - smpath.processing.measures_methods - INFO - computing spatial neighbors, with n_neighs: 20
2026-03-21 18:38:22,804 - smpath.processing.measures_methods - INFO - Computing Moran's I autocorrelation on data with shape (obs,vars) (63310, 53)
2026-03-21 18:38:23,600 - SpacePath.api - INFO - SAMPLE: GB-x-lipids-1
2026-03-21 18:38:23,600 - SpacePath.api - INFO -    differential KEGG pathways: 7
2026-03-21 18:38:23,600 - SpacePath.api - INFO -    differential WIKIPATHWAYS: 4
2026-03-21 18:38:23,600 - SpacePath.api - INFO -    differential Families: 8
2026-03-21 18:38:23,604 - SpacePath.src.orchestrator - INFO - processed sample GB-x-lipids-1 


2026-03-21 18:38:24,242 - SpacePath.src.orchestrator - INFO - 
Running sample: GB-x-lipids-2
2026-03-21 18:38:24,244 - smpath.data - INFO - Loading annotations for dataset: 'GB-x-lipids-2'
2026-03-21 18:38:24,896 - smpath.data - INFO -  success, annotations loaded (attr `.no_translated`)
2026-03-21 18:38:28,595 - smpath.method - INFO - Intensities already normalised, check .uns['norm'] and .layers['raw_X']
2026-03-21 18:38:28,595 - smpath.method - INFO - Running protocol to classify the ions (m/z) by the quality of molecular formulae annotations, and the spatial distributions
2026-03-21 18:38:28,595 - smpath.method - INFO - >> Part a: classifying the ions with thresholds: MSM >= 0.1, offSample <= 0.35, FDR <= 0.5
2026-03-21 18:38:28,595 - smpath.data - INFO - gets quality of the annotations (per ion and formula)
2026-03-21 18:38:28,605 - smpath.method - INFO -   a total of 788 ions pass MSM, offSample and FDR cutoffs.
2026-03-21 18:38:29,184 - smpath.method - INFO -   saved plot (MSM, offSample, FDR) to ../figures/GB-x-lipids-2
2026-03-21 18:38:29,185 - smpath.method - INFO - >> Part b: classifying ions based on Moran's I: thresholds: I >= 0.1,  (BH) adjusted p-value <= 0.05
2026-03-21 18:38:29,185 - smpath.method - INFO -   metrics are only computed for the ions that passed the 'Part a'.
2026-03-21 18:38:29,930 - smpath.processing.measures_methods - INFO - computing spatial neighbors, with n_neighs: 20
2026-03-21 18:38:30,188 - smpath.processing.measures_methods - INFO - Computing Moran's I autocorrelation on data with shape (obs,vars) (57196, 788)
2026-03-21 18:38:48,972 - smpath.method - INFO -   saved plot (autocorrelation) to ../figures/GB-x-lipids-2
2026-03-21 18:38:48,978 - smpath.method - INFO - A total of 682 ions exhibit good final quality (check column 'final_quality' of adata_mz.var)
2026-03-21 18:38:53,036 - smpath.data - INFO - Loading reference tables of KEGG identifiers
2026-03-21 18:38:53,036 - smpath.data - INFO -  loading HMDB
2026-03-21 18:38:53,046 - smpath.data - INFO -  loading LipidMaps
2026-03-21 18:38:53,051 - smpath.data - INFO -  loading CoreMetabolome
2026-03-21 18:38:53,066 - smpath.data - INFO - Translating ids in the metabolome annotation table, to KEGG (into .df attribute)
2026-03-21 18:38:53,101 - smpath.data - WARNING - Identified cases where one compound ID maps to multiple m/z: Please run '<metabo_annotations>.keep_best_mz_id_pairs(anndata_mz)'.
2026-03-21 18:38:53,101 - smpath.data - INFO - Resolving 'multiple m/z' that map to 'one compound id':
  keeps the two top better (m/z, id) pairs by quality criteria.
2026-03-21 18:38:53,101 - smpath.data - INFO -     Moran's 'I' in var_df will be also used.
2026-03-21 18:38:53,477 - smpath.data - INFO - collapsing metabolites' identifiers aliases
2026-03-21 18:38:53,477 - smpath.data - INFO - all is KEGG ids, no alias
2026-03-21 18:38:53,494 - smpath.data - WARNING - Identified cases where one compound ID maps to multiple m/z: Please run '<metabo_annotations>.keep_best_mz_id_pairs(anndata_mz)'.
2026-03-21 18:38:53,494 - smpath.data - INFO - Resolving 'multiple m/z' that map to 'one compound id':
  keeps the two top better (m/z, id) pairs by quality criteria.
2026-03-21 18:38:53,494 - smpath.data - INFO -     Moran's 'I' in var_df will be also used.
2026-03-21 18:39:17,518 - smpath.data - INFO - collapsing metabolites' identifiers aliases
2026-03-21 18:39:18,431 - SpacePath.api - INFO - saved annotations tables after processing
2026-03-21 18:39:18,437 - SpacePath.api - INFO - computing clustering of spots with method: leiden_sg ; user parameter: 0.35
2026-03-21 18:39:38,902 - SpacePath.api - INFO - computing differential ions between clusters
2026-03-21 18:39:40,994 - SpacePath.api - INFO - computing the differential abundances of all the m/z features, cluster to cluster, for all clusters
2026-03-21 18:39:44,707 - smpath.data - INFO - success, attributes : piled, sets_ids_df
2026-03-21 18:39:44,752 - smpath.method - INFO - Pathways and Annotations objects synchronized, with min set size = 2
2026-03-21 18:39:45,266 - smpath.method - INFO - 
 Will compute spot-wise Pathways Scores with the following config: class_type: method
description: parameters to compute the pathways scores
method: sspa_kpca
min_entity: 2
n_groups_of_spots: 30
threshold_n_spots_is_high: 15000
type_abbr: KEGG

2026-03-21 18:39:45,266 - smpath.method - INFO -  using sspa library, credits: Wieder C et al., 2022
2026-03-21 18:40:40,417 - smpath.method - INFO - successfully computed scores for the specified sets (abbr type): KEGG
2026-03-21 18:40:40,449 - SpacePath.api - INFO - success! scores for sample GB-x-lipids-2 (set type KEGG) computed in seconds: 55.16274094581604
2026-03-21 18:40:40,598 - SpacePath.api - INFO - scores saved to file ../data/GB-x-lipids-2/GB-x-lipids-2-scores-KEGG.h5ad
2026-03-21 18:40:43,028 - smpath.data - INFO - success, attributes : piled, sets_ids_df
2026-03-21 18:40:43,071 - smpath.method - INFO - Pathways and Annotations objects synchronized, with min set size = 2
2026-03-21 18:40:43,818 - smpath.method - INFO - 
 Will compute spot-wise Pathways Scores with the following config: class_type: method
description: parameters to compute the pathways scores
method: sspa_kpca
min_entity: 2
n_groups_of_spots: 30
threshold_n_spots_is_high: 15000
type_abbr: WIKI

2026-03-21 18:40:43,818 - smpath.method - INFO -  using sspa library, credits: Wieder C et al., 2022
2026-03-21 18:41:54,873 - smpath.method - INFO - successfully computed scores for the specified sets (abbr type): WIKI
2026-03-21 18:41:54,907 - SpacePath.api - INFO - success! scores for sample GB-x-lipids-2 (set type WIKI) computed in seconds: 71.06042289733887
2026-03-21 18:41:55,063 - SpacePath.api - INFO - scores saved to file ../data/GB-x-lipids-2/GB-x-lipids-2-scores-WIKI.h5ad
2026-03-21 18:41:55,105 - smpath.method - INFO - computing similarity matrix with config class_type: method
description: compute similarity matrix of compounds
method: TanimotoSimilarity
smiles_files:
  HMDB: HMDB-SMILES_05-07-24.tsv
  LipidMaps: LipidMaps-SMILES_06-08-25.tsv
threshold_similarity: null

2026-03-21 18:41:57,114 - smpath.method - INFO - computing similarities for all pairs of SMILES
2026-03-21 18:41:59,820 - smpath.method - INFO - computing families of molecules, with config class_type: method
cutoff_tree: 0.4
description: compute and save families file, from a distance-transformed similarity
  matrix
method: HierarchicalClustering
method_linkage: ward
metric_linkage: cosine

2026-03-21 18:41:59,857 - smpath.method - INFO - the clusters are: [1, 2, 3, 4, 5, 6, 7, 8, 9, 10, 11, 12, 13, 14, 15, 16, 17, 18, 19, 20, 21, 22, 23, 24, 25, 26, 27, 28, 29, 30, 31, 32, 33, 34, 35, 36, 37, 38, 39, 40, 41, 42, 43, 44, 45, 46, 47, 48]
2026-03-21 18:41:59,858 - smpath.method - INFO - number of used compound identifiers: 1615
2026-03-21 18:41:59,858 - smpath.method - INFO - representing distinct mzs: 125
2026-03-21 18:41:59,886 - smpath.method - INFO - saved .mmt file to ../data GB-x-lipids-2
2026-03-21 18:42:03,952 - smpath.method - INFO - saved figure to ../figures/GB-x-lipids-2
2026-03-21 18:42:03,987 - smpath.data - INFO - success, attributes : piled, sets_ids_df
2026-03-21 18:42:05,254 - smpath.method - INFO - Pathways and Annotations objects synchronized, with min set size = 3
2026-03-21 18:42:45,304 - smpath.method - INFO - 
 Will compute spot-wise Pathways Scores with the following config: class_type: method
description: parameters to compute the pathways scores
method: sspa_kpca
min_entity: 3
n_groups_of_spots: 30
threshold_n_spots_is_high: 15000
type_abbr: FAMILIES

2026-03-21 18:42:45,305 - smpath.method - INFO -  using sspa library, credits: Wieder C et al., 2022
2026-03-21 18:45:47,622 - smpath.method - INFO - successfully computed scores for the specified sets (abbr type): FAMILIES
2026-03-21 18:45:48,601 - smpath.processing.measures_methods - INFO - computing spatial neighbors, with n_neighs: 20
2026-03-21 18:45:48,918 - smpath.processing.measures_methods - INFO - Computing Moran's I autocorrelation on data with shape (obs,vars) (57196, 58)
2026-03-21 18:45:49,622 - SpacePath.api - INFO - SAMPLE: GB-x-lipids-2
2026-03-21 18:45:49,622 - SpacePath.api - INFO -    differential KEGG pathways: 12
2026-03-21 18:45:49,622 - SpacePath.api - INFO -    differential WIKIPATHWAYS: 8
2026-03-21 18:45:49,622 - SpacePath.api - INFO -    differential Families: 14
2026-03-21 18:45:49,625 - SpacePath.src.orchestrator - INFO - processed sample GB-x-lipids-2 


2026-03-21 18:45:50,202 - SpacePath.src.orchestrator - INFO - 
Running sample: GB-x-lipids-3
2026-03-21 18:45:50,203 - smpath.data - INFO - Loading annotations for dataset: 'GB-x-lipids-3'
2026-03-21 18:45:51,069 - smpath.data - INFO -  success, annotations loaded (attr `.no_translated`)
2026-03-21 18:45:53,746 - smpath.method - INFO - Intensities already normalised, check .uns['norm'] and .layers['raw_X']
2026-03-21 18:45:53,746 - smpath.method - INFO - Running protocol to classify the ions (m/z) by the quality of molecular formulae annotations, and the spatial distributions
2026-03-21 18:45:53,746 - smpath.method - INFO - >> Part a: classifying the ions with thresholds: MSM >= 0.1, offSample <= 0.35, FDR <= 0.5
2026-03-21 18:45:53,746 - smpath.data - INFO - gets quality of the annotations (per ion and formula)
2026-03-21 18:45:53,757 - smpath.method - INFO -   a total of 944 ions pass MSM, offSample and FDR cutoffs.
2026-03-21 18:45:54,305 - smpath.method - INFO -   saved plot (MSM, offSample, FDR) to ../figures/GB-x-lipids-3
2026-03-21 18:45:54,305 - smpath.method - INFO - >> Part b: classifying ions based on Moran's I: thresholds: I >= 0.1,  (BH) adjusted p-value <= 0.05
2026-03-21 18:45:54,306 - smpath.method - INFO -   metrics are only computed for the ions that passed the 'Part a'.
2026-03-21 18:45:54,979 - smpath.processing.measures_methods - INFO - computing spatial neighbors, with n_neighs: 20
2026-03-21 18:45:55,252 - smpath.processing.measures_methods - INFO - Computing Moran's I autocorrelation on data with shape (obs,vars) (63091, 944)
2026-03-21 18:46:17,357 - smpath.method - INFO -   saved plot (autocorrelation) to ../figures/GB-x-lipids-3
2026-03-21 18:46:17,362 - smpath.method - INFO - A total of 657 ions exhibit good final quality (check column 'final_quality' of adata_mz.var)
2026-03-21 18:46:21,415 - smpath.data - INFO - Loading reference tables of KEGG identifiers
2026-03-21 18:46:21,415 - smpath.data - INFO -  loading HMDB
2026-03-21 18:46:21,426 - smpath.data - INFO -  loading LipidMaps
2026-03-21 18:46:21,431 - smpath.data - INFO -  loading CoreMetabolome
2026-03-21 18:46:21,445 - smpath.data - INFO - Translating ids in the metabolome annotation table, to KEGG (into .df attribute)
2026-03-21 18:46:21,480 - smpath.data - WARNING - Identified cases where one compound ID maps to multiple m/z: Please run '<metabo_annotations>.keep_best_mz_id_pairs(anndata_mz)'.
2026-03-21 18:46:21,480 - smpath.data - INFO - Resolving 'multiple m/z' that map to 'one compound id':
  keeps the two top better (m/z, id) pairs by quality criteria.
2026-03-21 18:46:21,480 - smpath.data - INFO -     Moran's 'I' in var_df will be also used.
2026-03-21 18:46:21,810 - smpath.data - INFO - collapsing metabolites' identifiers aliases
2026-03-21 18:46:21,810 - smpath.data - INFO - all is KEGG ids, no alias
2026-03-21 18:46:21,830 - smpath.data - WARNING - Identified cases where one compound ID maps to multiple m/z: Please run '<metabo_annotations>.keep_best_mz_id_pairs(anndata_mz)'.
2026-03-21 18:46:21,830 - smpath.data - INFO - Resolving 'multiple m/z' that map to 'one compound id':
  keeps the two top better (m/z, id) pairs by quality criteria.
2026-03-21 18:46:21,830 - smpath.data - INFO -     Moran's 'I' in var_df will be also used.
2026-03-21 18:46:43,567 - smpath.data - INFO - collapsing metabolites' identifiers aliases
2026-03-21 18:46:44,427 - SpacePath.api - INFO - saved annotations tables after processing
2026-03-21 18:46:44,433 - SpacePath.api - INFO - computing clustering of spots with method: leiden_sg ; user parameter: 0.4
2026-03-21 18:47:04,460 - SpacePath.api - INFO - computing differential ions between clusters
2026-03-21 18:47:06,454 - SpacePath.api - INFO - computing the differential abundances of all the m/z features, cluster to cluster, for all clusters
2026-03-21 18:47:10,344 - smpath.data - INFO - success, attributes : piled, sets_ids_df
2026-03-21 18:47:10,377 - smpath.method - INFO - Pathways and Annotations objects synchronized, with min set size = 2
2026-03-21 18:47:10,671 - smpath.method - INFO - 
 Will compute spot-wise Pathways Scores with the following config: class_type: method
description: parameters to compute the pathways scores
method: sspa_kpca
min_entity: 2
n_groups_of_spots: 30
threshold_n_spots_is_high: 15000
type_abbr: KEGG

2026-03-21 18:47:10,671 - smpath.method - INFO -  using sspa library, credits: Wieder C et al., 2022
2026-03-21 18:48:18,181 - smpath.method - INFO - successfully computed scores for the specified sets (abbr type): KEGG
2026-03-21 18:48:18,213 - SpacePath.api - INFO - success! scores for sample GB-x-lipids-3 (set type KEGG) computed in seconds: 67.52094221115112
2026-03-21 18:48:18,377 - SpacePath.api - INFO - scores saved to file ../data/GB-x-lipids-3/GB-x-lipids-3-scores-KEGG.h5ad
2026-03-21 18:48:20,699 - smpath.data - INFO - success, attributes : piled, sets_ids_df
2026-03-21 18:48:20,733 - smpath.method - INFO - Pathways and Annotations objects synchronized, with min set size = 2
2026-03-21 18:48:21,264 - smpath.method - INFO - 
 Will compute spot-wise Pathways Scores with the following config: class_type: method
description: parameters to compute the pathways scores
method: sspa_kpca
min_entity: 2
n_groups_of_spots: 30
threshold_n_spots_is_high: 15000
type_abbr: WIKI

2026-03-21 18:48:21,264 - smpath.method - INFO -  using sspa library, credits: Wieder C et al., 2022
2026-03-21 18:49:09,382 - smpath.method - INFO - successfully computed scores for the specified sets (abbr type): WIKI
2026-03-21 18:49:09,412 - SpacePath.api - INFO - success! scores for sample GB-x-lipids-3 (set type WIKI) computed in seconds: 48.12169551849365
2026-03-21 18:49:09,572 - SpacePath.api - INFO - scores saved to file ../data/GB-x-lipids-3/GB-x-lipids-3-scores-WIKI.h5ad
2026-03-21 18:49:09,607 - smpath.method - INFO - computing similarity matrix with config class_type: method
description: compute similarity matrix of compounds
method: TanimotoSimilarity
smiles_files:
  HMDB: HMDB-SMILES_05-07-24.tsv
  LipidMaps: LipidMaps-SMILES_06-08-25.tsv
threshold_similarity: null

2026-03-21 18:49:11,806 - smpath.method - INFO - computing similarities for all pairs of SMILES
2026-03-21 18:49:15,653 - smpath.method - INFO - computing families of molecules, with config class_type: method
cutoff_tree: 0.5
description: compute and save families file, from a distance-transformed similarity
  matrix
method: HierarchicalClustering
method_linkage: ward
metric_linkage: cosine

2026-03-21 18:49:15,711 - smpath.method - INFO - the clusters are: [1, 2, 3, 4, 5, 6, 7, 8, 9, 10, 11, 12, 13, 14, 15, 16, 17, 18, 19, 20, 21, 22, 23, 24, 25, 26, 27, 28]
2026-03-21 18:49:15,711 - smpath.method - INFO - number of used compound identifiers: 1925
2026-03-21 18:49:15,711 - smpath.method - INFO - representing distinct mzs: 115
2026-03-21 18:49:15,731 - smpath.method - INFO - saved .mmt file to ../data GB-x-lipids-3
2026-03-21 18:49:21,498 - smpath.method - INFO - saved figure to ../figures/GB-x-lipids-3
2026-03-21 18:49:21,534 - smpath.data - INFO - success, attributes : piled, sets_ids_df
2026-03-21 18:49:22,816 - smpath.method - INFO - Pathways and Annotations objects synchronized, with min set size = 2
2026-03-21 18:50:19,017 - smpath.method - INFO - 
 Will compute spot-wise Pathways Scores with the following config: class_type: method
description: parameters to compute the pathways scores
method: sspa_kpca
min_entity: 2
n_groups_of_spots: 30
threshold_n_spots_is_high: 15000
type_abbr: FAMILIES

2026-03-21 18:50:19,017 - smpath.method - INFO -  using sspa library, credits: Wieder C et al., 2022
2026-03-21 18:53:44,385 - smpath.method - INFO - successfully computed scores for the specified sets (abbr type): FAMILIES
2026-03-21 18:53:45,420 - smpath.processing.measures_methods - INFO - computing spatial neighbors, with n_neighs: 20
2026-03-21 18:53:45,738 - smpath.processing.measures_methods - INFO - Computing Moran's I autocorrelation on data with shape (obs,vars) (63091, 51)
2026-03-21 18:53:46,621 - SpacePath.api - INFO - SAMPLE: GB-x-lipids-3
2026-03-21 18:53:46,621 - SpacePath.api - INFO -    differential KEGG pathways: 4
2026-03-21 18:53:46,621 - SpacePath.api - INFO -    differential WIKIPATHWAYS: 3
2026-03-21 18:53:46,621 - SpacePath.api - INFO -    differential Families: 8
2026-03-21 18:53:46,626 - SpacePath.src.orchestrator - INFO - processed sample GB-x-lipids-3 


2026-03-21 18:53:47,219 - SpacePath.src.orchestrator - INFO - 
Running sample: GB-x-lipids-4
2026-03-21 18:53:47,221 - smpath.data - INFO - Loading annotations for dataset: 'GB-x-lipids-4'
2026-03-21 18:53:48,059 - smpath.data - INFO -  success, annotations loaded (attr `.no_translated`)
2026-03-21 18:53:50,637 - smpath.method - INFO - Intensities already normalised, check .uns['norm'] and .layers['raw_X']
2026-03-21 18:53:50,638 - smpath.method - INFO - Running protocol to classify the ions (m/z) by the quality of molecular formulae annotations, and the spatial distributions
2026-03-21 18:53:50,638 - smpath.method - INFO - >> Part a: classifying the ions with thresholds: MSM >= 0.1, offSample <= 0.35, FDR <= 0.5
2026-03-21 18:53:50,638 - smpath.data - INFO - gets quality of the annotations (per ion and formula)
2026-03-21 18:53:50,648 - smpath.method - INFO -   a total of 830 ions pass MSM, offSample and FDR cutoffs.
2026-03-21 18:53:51,169 - smpath.method - INFO -   saved plot (MSM, offSample, FDR) to ../figures/GB-x-lipids-4
2026-03-21 18:53:51,169 - smpath.method - INFO - >> Part b: classifying ions based on Moran's I: thresholds: I >= 0.1,  (BH) adjusted p-value <= 0.05
2026-03-21 18:53:51,169 - smpath.method - INFO -   metrics are only computed for the ions that passed the 'Part a'.
2026-03-21 18:53:51,840 - smpath.processing.measures_methods - INFO - computing spatial neighbors, with n_neighs: 20
2026-03-21 18:53:52,103 - smpath.processing.measures_methods - INFO - Computing Moran's I autocorrelation on data with shape (obs,vars) (59613, 830)
2026-03-21 18:54:10,006 - smpath.method - INFO -   saved plot (autocorrelation) to ../figures/GB-x-lipids-4
2026-03-21 18:54:10,011 - smpath.method - INFO - A total of 718 ions exhibit good final quality (check column 'final_quality' of adata_mz.var)
2026-03-21 18:54:13,912 - smpath.data - INFO - Loading reference tables of KEGG identifiers
2026-03-21 18:54:13,912 - smpath.data - INFO -  loading HMDB
2026-03-21 18:54:13,923 - smpath.data - INFO -  loading LipidMaps
2026-03-21 18:54:13,928 - smpath.data - INFO -  loading CoreMetabolome
2026-03-21 18:54:13,942 - smpath.data - INFO - Translating ids in the metabolome annotation table, to KEGG (into .df attribute)
2026-03-21 18:54:13,979 - smpath.data - WARNING - Identified cases where one compound ID maps to multiple m/z: Please run '<metabo_annotations>.keep_best_mz_id_pairs(anndata_mz)'.
2026-03-21 18:54:13,979 - smpath.data - INFO - Resolving 'multiple m/z' that map to 'one compound id':
  keeps the two top better (m/z, id) pairs by quality criteria.
2026-03-21 18:54:13,979 - smpath.data - INFO -     Moran's 'I' in var_df will be also used.
2026-03-21 18:54:14,373 - smpath.data - INFO - collapsing metabolites' identifiers aliases
2026-03-21 18:54:14,374 - smpath.data - INFO - all is KEGG ids, no alias
2026-03-21 18:54:14,393 - smpath.data - WARNING - Identified cases where one compound ID maps to multiple m/z: Please run '<metabo_annotations>.keep_best_mz_id_pairs(anndata_mz)'.
2026-03-21 18:54:14,393 - smpath.data - INFO - Resolving 'multiple m/z' that map to 'one compound id':
  keeps the two top better (m/z, id) pairs by quality criteria.
2026-03-21 18:54:14,393 - smpath.data - INFO -     Moran's 'I' in var_df will be also used.
2026-03-21 18:54:41,120 - smpath.data - INFO - collapsing metabolites' identifiers aliases
2026-03-21 18:54:42,284 - SpacePath.api - INFO - saved annotations tables after processing
2026-03-21 18:54:42,290 - SpacePath.api - INFO - computing clustering of spots with method: leiden_sg ; user parameter: 0.4
2026-03-21 18:55:06,497 - SpacePath.api - INFO - computing differential ions between clusters
2026-03-21 18:55:08,656 - SpacePath.api - INFO - computing the differential abundances of all the m/z features, cluster to cluster, for all clusters
2026-03-21 18:55:12,253 - smpath.data - INFO - success, attributes : piled, sets_ids_df
2026-03-21 18:55:12,296 - smpath.method - INFO - Pathways and Annotations objects synchronized, with min set size = 2
2026-03-21 18:55:12,904 - smpath.method - INFO - 
 Will compute spot-wise Pathways Scores with the following config: class_type: method
description: parameters to compute the pathways scores
method: sspa_kpca
min_entity: 2
n_groups_of_spots: 30
threshold_n_spots_is_high: 15000
type_abbr: KEGG

2026-03-21 18:55:12,904 - smpath.method - INFO -  using sspa library, credits: Wieder C et al., 2022
2026-03-21 18:56:56,066 - smpath.method - INFO - successfully computed scores for the specified sets (abbr type): KEGG
2026-03-21 18:56:56,128 - SpacePath.api - INFO - success! scores for sample GB-x-lipids-4 (set type KEGG) computed in seconds: 103.17327117919922
2026-03-21 18:56:56,330 - SpacePath.api - INFO - scores saved to file ../data/GB-x-lipids-4/GB-x-lipids-4-scores-KEGG.h5ad
2026-03-21 18:56:58,694 - smpath.data - INFO - success, attributes : piled, sets_ids_df
2026-03-21 18:56:58,743 - smpath.method - INFO - Pathways and Annotations objects synchronized, with min set size = 2
2026-03-21 18:56:59,655 - smpath.method - INFO - 
 Will compute spot-wise Pathways Scores with the following config: class_type: method
description: parameters to compute the pathways scores
method: sspa_kpca
min_entity: 2
n_groups_of_spots: 30
threshold_n_spots_is_high: 15000
type_abbr: WIKI

2026-03-21 18:56:59,655 - smpath.method - INFO -  using sspa library, credits: Wieder C et al., 2022
2026-03-21 18:59:12,243 - smpath.method - INFO - successfully computed scores for the specified sets (abbr type): WIKI
2026-03-21 18:59:12,309 - SpacePath.api - INFO - success! scores for sample GB-x-lipids-4 (set type WIKI) computed in seconds: 132.59698843955994
2026-03-21 18:59:12,541 - SpacePath.api - INFO - scores saved to file ../data/GB-x-lipids-4/GB-x-lipids-4-scores-WIKI.h5ad
2026-03-21 18:59:12,582 - smpath.method - INFO - computing similarity matrix with config class_type: method
description: compute similarity matrix of compounds
method: TanimotoSimilarity
smiles_files:
  HMDB: HMDB-SMILES_05-07-24.tsv
  LipidMaps: LipidMaps-SMILES_06-08-25.tsv
threshold_similarity: null

2026-03-21 18:59:14,614 - smpath.method - INFO - computing similarities for all pairs of SMILES
2026-03-21 18:59:17,064 - smpath.method - INFO - computing families of molecules, with config class_type: method
cutoff_tree: 0.8
description: compute and save families file, from a distance-transformed similarity
  matrix
method: HierarchicalClustering
method_linkage: ward
metric_linkage: cosine

2026-03-21 18:59:17,092 - smpath.method - INFO - the clusters are: [1, 2, 3, 4, 5, 6, 7, 8, 9, 10, 11, 12, 13, 14, 15, 16, 17, 18, 19, 20, 21, 22, 23, 24, 25, 26, 27, 28, 29, 30]
2026-03-21 18:59:17,092 - smpath.method - INFO - number of used compound identifiers: 1530
2026-03-21 18:59:17,092 - smpath.method - INFO - representing distinct mzs: 110
2026-03-21 18:59:17,113 - smpath.method - INFO - saved .mmt file to ../data GB-x-lipids-4
2026-03-21 18:59:21,026 - smpath.method - INFO - saved figure to ../figures/GB-x-lipids-4
2026-03-21 18:59:21,057 - smpath.data - INFO - success, attributes : piled, sets_ids_df
2026-03-21 18:59:22,324 - smpath.method - INFO - Pathways and Annotations objects synchronized, with min set size = 2
2026-03-21 19:00:08,722 - smpath.method - INFO - 
 Will compute spot-wise Pathways Scores with the following config: class_type: method
description: parameters to compute the pathways scores
method: sspa_kpca
min_entity: 2
n_groups_of_spots: 30
threshold_n_spots_is_high: 15000
type_abbr: FAMILIES

2026-03-21 19:00:08,722 - smpath.method - INFO -  using sspa library, credits: Wieder C et al., 2022
2026-03-21 19:03:02,020 - smpath.method - INFO - successfully computed scores for the specified sets (abbr type): FAMILIES
2026-03-21 19:03:03,222 - smpath.processing.measures_methods - INFO - computing spatial neighbors, with n_neighs: 20
2026-03-21 19:03:03,492 - smpath.processing.measures_methods - INFO - Computing Moran's I autocorrelation on data with shape (obs,vars) (59613, 69)
2026-03-21 19:03:04,368 - SpacePath.api - INFO - SAMPLE: GB-x-lipids-4
2026-03-21 19:03:04,368 - SpacePath.api - INFO -    differential KEGG pathways: 11
2026-03-21 19:03:04,369 - SpacePath.api - INFO -    differential WIKIPATHWAYS: 9
2026-03-21 19:03:04,369 - SpacePath.api - INFO -    differential Families: 10
2026-03-21 19:03:04,372 - SpacePath.src.orchestrator - INFO - processed sample GB-x-lipids-4 


2026-03-21 19:03:04,751 - SpacePath.src.orchestrator - INFO - 
Running sample: UBcalibr2
2026-03-21 19:03:04,752 - smpath.data - INFO - Loading annotations for dataset: 'UBcalibr2'
2026-03-21 19:03:05,099 - smpath.data - INFO -  success, annotations loaded (attr `.no_translated`)
2026-03-21 19:03:05,384 - smpath.method - INFO - Intensities already normalised, check .uns['norm'] and .layers['raw_X']
2026-03-21 19:03:05,384 - smpath.method - INFO - Running protocol to classify the ions (m/z) by the quality of molecular formulae annotations, and the spatial distributions
2026-03-21 19:03:05,384 - smpath.method - INFO - >> Part a: classifying the ions with thresholds: MSM >= 0.1, offSample <= 0.55, FDR <= 0.5
2026-03-21 19:03:05,384 - smpath.data - INFO - gets quality of the annotations (per ion and formula)
2026-03-21 19:03:05,389 - smpath.method - INFO -   a total of 122 ions pass MSM, offSample and FDR cutoffs.
2026-03-21 19:03:05,743 - smpath.method - INFO -   saved plot (MSM, offSample, FDR) to ../figures/UBcalibr2
2026-03-21 19:03:05,743 - smpath.method - INFO - >> Part b: classifying ions based on Moran's I: thresholds: I >= 0.02,  (BH) adjusted p-value <= 0.05
2026-03-21 19:03:05,743 - smpath.method - INFO -   metrics are only computed for the ions that passed the 'Part a'.
2026-03-21 19:03:05,773 - smpath.processing.measures_methods - INFO - computing spatial neighbors, with n_neighs: 20
2026-03-21 19:03:05,803 - smpath.processing.measures_methods - INFO - Computing Moran's I autocorrelation on data with shape (obs,vars) (4947, 122)
2026-03-21 19:03:06,523 - smpath.method - INFO -   saved plot (autocorrelation) to ../figures/UBcalibr2
2026-03-21 19:03:06,527 - smpath.method - INFO - A total of 116 ions exhibit good final quality (check column 'final_quality' of adata_mz.var)
2026-03-21 19:03:06,881 - smpath.data - INFO - Loading reference tables of KEGG identifiers
2026-03-21 19:03:06,881 - smpath.data - INFO -  loading HMDB
2026-03-21 19:03:06,896 - smpath.data - INFO -  loading LipidMaps
2026-03-21 19:03:06,903 - smpath.data - INFO -  loading CoreMetabolome
2026-03-21 19:03:06,923 - smpath.data - INFO - Translating ids in the metabolome annotation table, to KEGG (into .df attribute)
2026-03-21 19:03:06,946 - smpath.data - WARNING - Identified cases where one compound ID maps to multiple m/z: Please run '<metabo_annotations>.keep_best_mz_id_pairs(anndata_mz)'.
2026-03-21 19:03:06,946 - smpath.data - INFO - Resolving 'multiple m/z' that map to 'one compound id':
  keeps the two top better (m/z, id) pairs by quality criteria.
2026-03-21 19:03:06,946 - smpath.data - INFO -     Moran's 'I' in var_df will be also used.
2026-03-21 19:03:07,041 - smpath.data - INFO - collapsing metabolites' identifiers aliases
2026-03-21 19:03:07,041 - smpath.data - INFO - all is KEGG ids, no alias
2026-03-21 19:03:07,052 - smpath.data - WARNING - Identified cases where one compound ID maps to multiple m/z: Please run '<metabo_annotations>.keep_best_mz_id_pairs(anndata_mz)'.
2026-03-21 19:03:07,052 - smpath.data - INFO - Resolving 'multiple m/z' that map to 'one compound id':
  keeps the two top better (m/z, id) pairs by quality criteria.
2026-03-21 19:03:07,052 - smpath.data - INFO -     Moran's 'I' in var_df will be also used.
2026-03-21 19:03:10,313 - smpath.data - INFO - collapsing metabolites' identifiers aliases
2026-03-21 19:03:10,744 - SpacePath.api - INFO - saved annotations tables after processing
2026-03-21 19:03:10,748 - SpacePath.api - INFO - computing clustering of spots with method: leiden_sg ; user parameter: 0.2
2026-03-21 19:03:12,558 - SpacePath.api - INFO - computing differential ions between clusters
2026-03-21 19:03:12,680 - SpacePath.api - INFO - computing the differential abundances of all the m/z features, cluster to cluster, for all clusters
2026-03-21 19:03:13,096 - smpath.data - INFO - success, attributes : piled, sets_ids_df
2026-03-21 19:03:13,125 - smpath.method - INFO - Pathways and Annotations objects synchronized, with min set size = 2
2026-03-21 19:03:13,196 - smpath.method - INFO - 
 Will compute spot-wise Pathways Scores with the following config: class_type: method
description: parameters to compute the pathways scores
method: sspa_kpca
min_entity: 2
n_groups_of_spots: 30
threshold_n_spots_is_high: 15000
type_abbr: KEGG

2026-03-21 19:03:13,197 - smpath.method - INFO -  using sspa library, credits: Wieder C et al., 2022
2026-03-21 19:03:18,291 - smpath.method - INFO - successfully computed scores for the specified sets (abbr type): KEGG
2026-03-21 19:03:18,294 - SpacePath.api - INFO - success! scores for sample UBcalibr2 (set type KEGG) computed in seconds: 5.103882312774658
2026-03-21 19:03:18,328 - SpacePath.api - INFO - scores saved to file ../data/UBcalibr2/UBcalibr2-scores-KEGG.h5ad
2026-03-21 19:03:19,049 - smpath.data - INFO - success, attributes : piled, sets_ids_df
2026-03-21 19:03:19,075 - smpath.method - INFO - Pathways and Annotations objects synchronized, with min set size = 2
2026-03-21 19:03:19,134 - smpath.method - INFO - 
 Will compute spot-wise Pathways Scores with the following config: class_type: method
description: parameters to compute the pathways scores
method: sspa_kpca
min_entity: 2
n_groups_of_spots: 30
threshold_n_spots_is_high: 15000
type_abbr: WIKI

2026-03-21 19:03:19,134 - smpath.method - INFO -  using sspa library, credits: Wieder C et al., 2022
2026-03-21 19:03:21,957 - smpath.method - INFO - successfully computed scores for the specified sets (abbr type): WIKI
2026-03-21 19:03:21,960 - SpacePath.api - INFO - success! scores for sample UBcalibr2 (set type WIKI) computed in seconds: 2.8283612728118896
2026-03-21 19:03:21,994 - SpacePath.api - INFO - scores saved to file ../data/UBcalibr2/UBcalibr2-scores-WIKI.h5ad
2026-03-21 19:03:22,011 - smpath.method - INFO - computing similarity matrix with config class_type: method
description: compute similarity matrix of compounds
method: TanimotoSimilarity
smiles_files:
  HMDB: HMDB-SMILES_05-07-24.tsv
  LipidMaps: LipidMaps-SMILES_06-08-25.tsv
threshold_similarity: null

2026-03-21 19:03:23,274 - smpath.method - INFO - computing similarities for all pairs of SMILES
2026-03-21 19:03:23,936 - smpath.method - INFO - computing families of molecules, with config class_type: method
cutoff_tree: 0.7
description: compute and save families file, from a distance-transformed similarity
  matrix
method: HierarchicalClustering
method_linkage: ward
metric_linkage: cosine

2026-03-21 19:03:23,945 - smpath.method - INFO - the clusters are: [1, 2, 3, 4, 5, 6, 7, 8, 9, 10, 11, 12, 13]
2026-03-21 19:03:23,945 - smpath.method - INFO - number of used compound identifiers: 803
2026-03-21 19:03:23,945 - smpath.method - INFO - representing distinct mzs: 29
2026-03-21 19:03:23,956 - smpath.method - INFO - saved .mmt file to ../data UBcalibr2
2026-03-21 19:03:25,738 - smpath.method - INFO - saved figure to ../figures/UBcalibr2
2026-03-21 19:03:25,763 - smpath.data - INFO - success, attributes : piled, sets_ids_df
2026-03-21 19:03:25,865 - smpath.method - INFO - Pathways and Annotations objects synchronized, with min set size = 2
2026-03-21 19:03:28,482 - smpath.method - INFO - 
 Will compute spot-wise Pathways Scores with the following config: class_type: method
description: parameters to compute the pathways scores
method: sspa_kpca
min_entity: 2
n_groups_of_spots: 30
threshold_n_spots_is_high: 15000
type_abbr: FAMILIES

2026-03-21 19:03:28,483 - smpath.method - INFO -  using sspa library, credits: Wieder C et al., 2022
2026-03-21 19:03:33,478 - smpath.method - INFO - successfully computed scores for the specified sets (abbr type): FAMILIES
2026-03-21 19:03:33,703 - smpath.processing.measures_methods - INFO - computing spatial neighbors, with n_neighs: 20
2026-03-21 19:03:33,723 - smpath.processing.measures_methods - INFO - Computing Moran's I autocorrelation on data with shape (obs,vars) (4947, 22)
2026-03-21 19:03:33,888 - SpacePath.api - INFO - SAMPLE: UBcalibr2
2026-03-21 19:03:33,888 - SpacePath.api - INFO -    differential KEGG pathways: 2
2026-03-21 19:03:33,888 - SpacePath.api - INFO -    differential WIKIPATHWAYS: 1
2026-03-21 19:03:33,888 - SpacePath.api - INFO -    differential Families: 0
2026-03-21 19:03:33,889 - SpacePath.src.orchestrator - INFO - processed sample UBcalibr2 


2026-03-21 19:03:34,319 - SpacePath.src.orchestrator - INFO - 
Running sample: UBcalibr1
2026-03-21 19:03:34,320 - smpath.data - INFO - Loading annotations for dataset: 'UBcalibr1'
2026-03-21 19:03:34,541 - smpath.data - INFO -  success, annotations loaded (attr `.no_translated`)
2026-03-21 19:03:35,267 - smpath.method - INFO - Intensities already normalised, check .uns['norm'] and .layers['raw_X']
2026-03-21 19:03:35,267 - smpath.method - INFO - Running protocol to classify the ions (m/z) by the quality of molecular formulae annotations, and the spatial distributions
2026-03-21 19:03:35,267 - smpath.method - INFO - >> Part a: classifying the ions with thresholds: MSM >= 0.1, offSample <= 0.4, FDR <= 0.5
2026-03-21 19:03:35,267 - smpath.data - INFO - gets quality of the annotations (per ion and formula)
2026-03-21 19:03:35,272 - smpath.method - INFO -   a total of 286 ions pass MSM, offSample and FDR cutoffs.
2026-03-21 19:03:35,605 - smpath.method - INFO -   saved plot (MSM, offSample, FDR) to ../figures/UBcalibr1
2026-03-21 19:03:35,606 - smpath.method - INFO - >> Part b: classifying ions based on Moran's I: thresholds: I >= 0.1,  (BH) adjusted p-value <= 0.05
2026-03-21 19:03:35,606 - smpath.method - INFO -   metrics are only computed for the ions that passed the 'Part a'.
2026-03-21 19:03:35,813 - smpath.processing.measures_methods - INFO - computing spatial neighbors, with n_neighs: 20
2026-03-21 19:03:36,007 - smpath.processing.measures_methods - INFO - Computing Moran's I autocorrelation on data with shape (obs,vars) (28596, 286)
2026-03-21 19:03:40,126 - smpath.method - INFO -   saved plot (autocorrelation) to ../figures/UBcalibr1
2026-03-21 19:03:40,130 - smpath.method - INFO - A total of 264 ions exhibit good final quality (check column 'final_quality' of adata_mz.var)
2026-03-21 19:03:41,273 - smpath.data - INFO - Loading reference tables of KEGG identifiers
2026-03-21 19:03:41,274 - smpath.data - INFO -  loading HMDB
2026-03-21 19:03:41,288 - smpath.data - INFO -  loading LipidMaps
2026-03-21 19:03:41,295 - smpath.data - INFO -  loading CoreMetabolome
2026-03-21 19:03:41,317 - smpath.data - INFO - Translating ids in the metabolome annotation table, to KEGG (into .df attribute)
2026-03-21 19:03:41,342 - smpath.data - WARNING - Identified cases where one compound ID maps to multiple m/z: Please run '<metabo_annotations>.keep_best_mz_id_pairs(anndata_mz)'.
2026-03-21 19:03:41,342 - smpath.data - INFO - Resolving 'multiple m/z' that map to 'one compound id':
  keeps the two top better (m/z, id) pairs by quality criteria.
2026-03-21 19:03:41,342 - smpath.data - INFO -     Moran's 'I' in var_df will be also used.
2026-03-21 19:03:41,539 - smpath.data - INFO - collapsing metabolites' identifiers aliases
2026-03-21 19:03:41,540 - smpath.data - INFO - all is KEGG ids, no alias
2026-03-21 19:03:41,552 - smpath.data - INFO - Resolving 'multiple m/z' that map to 'one compound id':
  keeps the two top better (m/z, id) pairs by quality criteria.
2026-03-21 19:03:41,553 - smpath.data - INFO -     Moran's 'I' in var_df will be also used.
2026-03-21 19:03:44,277 - smpath.data - INFO - collapsing metabolites' identifiers aliases
2026-03-21 19:03:44,813 - SpacePath.api - INFO - saved annotations tables after processing
2026-03-21 19:03:44,823 - SpacePath.api - INFO - computing clustering of spots with method: kmeans ; user parameter: 5
2026-03-21 19:03:51,630 - SpacePath.api - INFO - computing differential ions between clusters
2026-03-21 19:03:52,140 - SpacePath.api - INFO - computing the differential abundances of all the m/z features, cluster to cluster, for all clusters
2026-03-21 19:03:52,824 - smpath.data - INFO - success, attributes : piled, sets_ids_df
2026-03-21 19:03:52,847 - smpath.method - INFO - Pathways and Annotations objects synchronized, with min set size = 2
2026-03-21 19:03:53,042 - smpath.method - INFO - 
 Will compute spot-wise Pathways Scores with the following config: class_type: method
description: parameters to compute the pathways scores
method: sspa_kpca
min_entity: 2
n_groups_of_spots: 30
threshold_n_spots_is_high: 15000
type_abbr: KEGG

2026-03-21 19:03:53,042 - smpath.method - INFO -  using sspa library, credits: Wieder C et al., 2022
2026-03-21 19:04:46,130 - smpath.method - INFO - successfully computed scores for the specified sets (abbr type): KEGG
2026-03-21 19:04:46,149 - SpacePath.api - INFO - success! scores for sample UBcalibr1 (set type KEGG) computed in seconds: 53.09378147125244
2026-03-21 19:04:46,237 - SpacePath.api - INFO - scores saved to file ../data/UBcalibr1/UBcalibr1-scores-KEGG.h5ad
2026-03-21 19:04:46,970 - smpath.data - INFO - success, attributes : piled, sets_ids_df
2026-03-21 19:04:47,007 - smpath.method - INFO - Pathways and Annotations objects synchronized, with min set size = 2
2026-03-21 19:04:47,140 - smpath.method - INFO - 
 Will compute spot-wise Pathways Scores with the following config: class_type: method
description: parameters to compute the pathways scores
method: sspa_kpca
min_entity: 2
n_groups_of_spots: 30
threshold_n_spots_is_high: 15000
type_abbr: WIKI

2026-03-21 19:04:47,141 - smpath.method - INFO -  using sspa library, credits: Wieder C et al., 2022
2026-03-21 19:05:44,606 - smpath.method - INFO - successfully computed scores for the specified sets (abbr type): WIKI
2026-03-21 19:05:44,624 - SpacePath.api - INFO - success! scores for sample UBcalibr1 (set type WIKI) computed in seconds: 57.47102880477905
2026-03-21 19:05:44,719 - SpacePath.api - INFO - scores saved to file ../data/UBcalibr1/UBcalibr1-scores-WIKI.h5ad
2026-03-21 19:05:44,746 - smpath.method - INFO - computing similarity matrix with config class_type: method
description: compute similarity matrix of compounds
method: TanimotoSimilarity
smiles_files:
  HMDB: HMDB-SMILES_05-07-24.tsv
  LipidMaps: LipidMaps-SMILES_06-08-25.tsv
threshold_similarity: null

2026-03-21 19:05:46,031 - smpath.method - INFO - computing similarities for all pairs of SMILES
2026-03-21 19:05:46,492 - smpath.method - INFO - computing families of molecules, with config class_type: method
cutoff_tree: 0.7
description: compute and save families file, from a distance-transformed similarity
  matrix
method: HierarchicalClustering
method_linkage: ward
metric_linkage: cosine

2026-03-21 19:05:46,501 - smpath.method - INFO - the clusters are: [1, 2, 3, 4, 5, 6, 7, 8, 9, 10, 11, 12, 13, 14, 15, 16, 17, 18, 19, 20]
2026-03-21 19:05:46,501 - smpath.method - INFO - number of used compound identifiers: 659
2026-03-21 19:05:46,501 - smpath.method - INFO - representing distinct mzs: 66
2026-03-21 19:05:46,515 - smpath.method - INFO - saved .mmt file to ../data UBcalibr1
2026-03-21 19:05:48,440 - smpath.method - INFO - saved figure to ../figures/UBcalibr1
2026-03-21 19:05:48,465 - smpath.data - INFO - success, attributes : piled, sets_ids_df
2026-03-21 19:05:48,802 - smpath.method - INFO - Pathways and Annotations objects synchronized, with min set size = 2
2026-03-21 19:05:53,007 - smpath.method - INFO - 
 Will compute spot-wise Pathways Scores with the following config: class_type: method
description: parameters to compute the pathways scores
method: sspa_kpca
min_entity: 2
n_groups_of_spots: 30
threshold_n_spots_is_high: 15000
type_abbr: FAMILIES

2026-03-21 19:05:53,007 - smpath.method - INFO -  using sspa library, credits: Wieder C et al., 2022
2026-03-21 19:06:51,243 - smpath.method - INFO - successfully computed scores for the specified sets (abbr type): FAMILIES
2026-03-21 19:06:51,729 - smpath.processing.measures_methods - INFO - computing spatial neighbors, with n_neighs: 20
2026-03-21 19:06:51,856 - smpath.processing.measures_methods - INFO - Computing Moran's I autocorrelation on data with shape (obs,vars) (28596, 44)
2026-03-21 19:06:52,273 - SpacePath.api - INFO - SAMPLE: UBcalibr1
2026-03-21 19:06:52,274 - SpacePath.api - INFO -    differential KEGG pathways: 10
2026-03-21 19:06:52,274 - SpacePath.api - INFO -    differential WIKIPATHWAYS: 16
2026-03-21 19:06:52,274 - SpacePath.api - INFO -    differential Families: 11
2026-03-21 19:06:52,275 - SpacePath.src.orchestrator - INFO - processed sample UBcalibr1 


2026-03-21 19:06:52,663 - SpacePath.src.orchestrator - INFO - 
Running sample: UBcalibr4
2026-03-21 19:06:52,664 - smpath.data - INFO - Loading annotations for dataset: 'UBcalibr4'
2026-03-21 19:06:52,916 - smpath.data - INFO -  success, annotations loaded (attr `.no_translated`)
2026-03-21 19:06:53,453 - smpath.method - INFO - Intensities already normalised, check .uns['norm'] and .layers['raw_X']
2026-03-21 19:06:53,453 - smpath.method - INFO - Running protocol to classify the ions (m/z) by the quality of molecular formulae annotations, and the spatial distributions
2026-03-21 19:06:53,454 - smpath.method - INFO - >> Part a: classifying the ions with thresholds: MSM >= 0.1, offSample <= 0.4, FDR <= 0.5
2026-03-21 19:06:53,454 - smpath.data - INFO - gets quality of the annotations (per ion and formula)
2026-03-21 19:06:53,458 - smpath.method - INFO -   a total of 250 ions pass MSM, offSample and FDR cutoffs.
2026-03-21 19:06:53,811 - smpath.method - INFO -   saved plot (MSM, offSample, FDR) to ../figures/UBcalibr4
2026-03-21 19:06:53,811 - smpath.method - INFO - >> Part b: classifying ions based on Moran's I: thresholds: I >= 0.1,  (BH) adjusted p-value <= 0.05
2026-03-21 19:06:53,811 - smpath.method - INFO -   metrics are only computed for the ions that passed the 'Part a'.
2026-03-21 19:06:53,935 - smpath.processing.measures_methods - INFO - computing spatial neighbors, with n_neighs: 20
2026-03-21 19:06:54,039 - smpath.processing.measures_methods - INFO - Computing Moran's I autocorrelation on data with shape (obs,vars) (15918, 250)
2026-03-21 19:06:56,855 - smpath.method - INFO -   saved plot (autocorrelation) to ../figures/UBcalibr4
2026-03-21 19:06:56,861 - smpath.method - INFO - A total of 240 ions exhibit good final quality (check column 'final_quality' of adata_mz.var)
2026-03-21 19:06:57,718 - smpath.data - INFO - Loading reference tables of KEGG identifiers
2026-03-21 19:06:57,718 - smpath.data - INFO -  loading HMDB
2026-03-21 19:06:57,736 - smpath.data - INFO -  loading LipidMaps
2026-03-21 19:06:57,745 - smpath.data - INFO -  loading CoreMetabolome
2026-03-21 19:06:57,765 - smpath.data - INFO - Translating ids in the metabolome annotation table, to KEGG (into .df attribute)
2026-03-21 19:06:57,790 - smpath.data - WARNING - Identified cases where one compound ID maps to multiple m/z: Please run '<metabo_annotations>.keep_best_mz_id_pairs(anndata_mz)'.
2026-03-21 19:06:57,790 - smpath.data - INFO - Resolving 'multiple m/z' that map to 'one compound id':
  keeps the two top better (m/z, id) pairs by quality criteria.
2026-03-21 19:06:57,790 - smpath.data - INFO -     Moran's 'I' in var_df will be also used.
2026-03-21 19:06:57,967 - smpath.data - INFO - collapsing metabolites' identifiers aliases
2026-03-21 19:06:57,967 - smpath.data - INFO - all is KEGG ids, no alias
2026-03-21 19:06:57,980 - smpath.data - INFO - Resolving 'multiple m/z' that map to 'one compound id':
  keeps the two top better (m/z, id) pairs by quality criteria.
2026-03-21 19:06:57,980 - smpath.data - INFO -     Moran's 'I' in var_df will be also used.
2026-03-21 19:07:00,475 - smpath.data - INFO - collapsing metabolites' identifiers aliases
2026-03-21 19:07:01,463 - SpacePath.api - INFO - saved annotations tables after processing
2026-03-21 19:07:01,468 - SpacePath.api - INFO - computing clustering of spots with method: kmeans ; user parameter: 5
2026-03-21 19:07:06,063 - SpacePath.api - INFO - computing differential ions between clusters
2026-03-21 19:07:06,445 - SpacePath.api - INFO - computing the differential abundances of all the m/z features, cluster to cluster, for all clusters
2026-03-21 19:07:07,162 - smpath.data - INFO - success, attributes : piled, sets_ids_df
2026-03-21 19:07:07,198 - smpath.method - INFO - Pathways and Annotations objects synchronized, with min set size = 2
2026-03-21 19:07:07,339 - smpath.method - INFO - 
 Will compute spot-wise Pathways Scores with the following config: class_type: method
description: parameters to compute the pathways scores
method: sspa_kpca
min_entity: 2
n_groups_of_spots: 30
threshold_n_spots_is_high: 15000
type_abbr: KEGG

2026-03-21 19:07:07,339 - smpath.method - INFO -  using sspa library, credits: Wieder C et al., 2022
2026-03-21 19:07:10,790 - smpath.method - INFO - successfully computed scores for the specified sets (abbr type): KEGG
2026-03-21 19:07:10,799 - SpacePath.api - INFO - success! scores for sample UBcalibr4 (set type KEGG) computed in seconds: 3.4596521854400635
2026-03-21 19:07:10,855 - SpacePath.api - INFO - scores saved to file ../data/UBcalibr4/UBcalibr4-scores-KEGG.h5ad
2026-03-21 19:07:11,389 - smpath.data - INFO - success, attributes : piled, sets_ids_df
2026-03-21 19:07:11,431 - smpath.method - INFO - Pathways and Annotations objects synchronized, with min set size = 2
2026-03-21 19:07:11,521 - smpath.method - INFO - 
 Will compute spot-wise Pathways Scores with the following config: class_type: method
description: parameters to compute the pathways scores
method: sspa_kpca
min_entity: 2
n_groups_of_spots: 30
threshold_n_spots_is_high: 15000
type_abbr: WIKI

2026-03-21 19:07:11,521 - smpath.method - INFO -  using sspa library, credits: Wieder C et al., 2022
2026-03-21 19:07:13,976 - smpath.method - INFO - successfully computed scores for the specified sets (abbr type): WIKI
2026-03-21 19:07:13,984 - SpacePath.api - INFO - success! scores for sample UBcalibr4 (set type WIKI) computed in seconds: 2.458047389984131
2026-03-21 19:07:14,043 - SpacePath.api - INFO - scores saved to file ../data/UBcalibr4/UBcalibr4-scores-WIKI.h5ad
2026-03-21 19:07:14,069 - smpath.method - INFO - computing similarity matrix with config class_type: method
description: compute similarity matrix of compounds
method: TanimotoSimilarity
smiles_files:
  HMDB: HMDB-SMILES_05-07-24.tsv
  LipidMaps: LipidMaps-SMILES_06-08-25.tsv
threshold_similarity: null

2026-03-21 19:07:15,902 - smpath.method - INFO - computing similarities for all pairs of SMILES
2026-03-21 19:07:17,778 - smpath.method - INFO - computing families of molecules, with config class_type: method
cutoff_tree: 0.7
description: compute and save families file, from a distance-transformed similarity
  matrix
method: HierarchicalClustering
method_linkage: ward
metric_linkage: cosine

2026-03-21 19:07:17,800 - smpath.method - INFO - the clusters are: [1, 2, 3, 4, 5, 6, 7, 8, 9, 10, 11, 12, 13, 14, 15, 16, 17, 18, 19, 20, 21, 22, 23, 24, 25, 26, 27, 28, 29, 30, 31, 32, 33]
2026-03-21 19:07:17,800 - smpath.method - INFO - number of used compound identifiers: 1354
2026-03-21 19:07:17,800 - smpath.method - INFO - representing distinct mzs: 95
2026-03-21 19:07:17,820 - smpath.method - INFO - saved .mmt file to ../data UBcalibr4
2026-03-21 19:07:21,350 - smpath.method - INFO - saved figure to ../figures/UBcalibr4
2026-03-21 19:07:21,378 - smpath.data - INFO - success, attributes : piled, sets_ids_df
2026-03-21 19:07:21,609 - smpath.method - INFO - Pathways and Annotations objects synchronized, with min set size = 2
2026-03-21 19:07:28,072 - smpath.method - INFO - 
 Will compute spot-wise Pathways Scores with the following config: class_type: method
description: parameters to compute the pathways scores
method: sspa_kpca
min_entity: 2
n_groups_of_spots: 30
threshold_n_spots_is_high: 15000
type_abbr: FAMILIES

2026-03-21 19:07:28,072 - smpath.method - INFO -  using sspa library, credits: Wieder C et al., 2022
2026-03-21 19:07:47,804 - smpath.method - INFO - successfully computed scores for the specified sets (abbr type): FAMILIES
2026-03-21 19:07:48,212 - smpath.processing.measures_methods - INFO - computing spatial neighbors, with n_neighs: 20
2026-03-21 19:07:48,287 - smpath.processing.measures_methods - INFO - Computing Moran's I autocorrelation on data with shape (obs,vars) (15918, 43)
2026-03-21 19:07:48,590 - SpacePath.api - INFO - SAMPLE: UBcalibr4
2026-03-21 19:07:48,590 - SpacePath.api - INFO -    differential KEGG pathways: 6
2026-03-21 19:07:48,591 - SpacePath.api - INFO -    differential WIKIPATHWAYS: 7
2026-03-21 19:07:48,591 - SpacePath.api - INFO -    differential Families: 14
2026-03-21 19:07:48,592 - SpacePath.src.orchestrator - INFO - processed sample UBcalibr4 


